SF:lib/core/cart/domain/usecases/observe_cart_use_case.dart
DA:11,1
DA:13,1
DA:15,4
DA:16,1
LF:4
LH:4
end_of_record
SF:lib/core/cart/domain/usecases/add_to_cart_use_case.dart
DA:11,0
DA:13,0
DA:14,0
LF:3
LH:0
end_of_record
SF:lib/core/cart/domain/usecases/remove_from_cart_use_case.dart
DA:11,0
DA:13,0
DA:14,0
LF:3
LH:0
end_of_record
SF:lib/core/cart/presentation/cubit/cart_cubit.dart
DA:20,1
DA:27,1
DA:29,1
DA:30,3
DA:31,0
DA:32,2
DA:36,1
DA:37,3
DA:38,0
DA:39,2
DA:43,1
DA:44,6
DA:45,1
DA:46,0
DA:47,3
DA:52,1
DA:54,2
DA:55,1
LF:18
LH:15
end_of_record
SF:lib/core/utils/do_nothing.dart
DA:1,1
LF:1
LH:1
end_of_record
SF:lib/features/products/data/data_sources/products_remote_data_source.dart
DA:17,1
DA:21,1
DA:23,1
DA:24,2
DA:26,4
DA:28,4
DA:29,4
DA:30,3
DA:31,4
DA:32,1
DA:34,1
DA:35,1
DA:36,2
LF:13
LH:13
end_of_record
SF:lib/features/products/data/repositories/products_repository_impl.dart
DA:11,1
DA:14,1
DA:16,6
DA:17,3
DA:18,1
DA:19,1
DA:20,1
DA:21,1
DA:22,1
DA:23,1
DA:24,1
DA:25,1
DA:26,2
DA:27,2
DA:30,1
LF:15
LH:15
end_of_record
SF:lib/features/products/data/model/product_model.dart
DA:20,2
DA:30,2
LF:2
LH:2
end_of_record
SF:lib/features/products/data/model/product_model.g.dart
DA:9,1
DA:10,1
DA:11,1
DA:12,1
DA:13,2
DA:14,1
DA:15,1
DA:16,1
DA:17,2
DA:20,0
DA:21,0
DA:22,0
DA:23,0
DA:24,0
DA:25,0
DA:26,0
DA:27,0
DA:28,0
DA:31,1
DA:32,1
DA:33,2
DA:34,1
DA:37,0
DA:38,0
DA:39,0
DA:40,0
LF:26
LH:13
end_of_record
SF:lib/features/categories/domain/usecases/categories_use_case.dart
DA:12,0
DA:16,0
DA:18,0
DA:19,0
DA:20,0
LF:5
LH:0
end_of_record
SF:lib/features/categories/presentation/cubit/categories_cubit.dart
DA:10,1
DA:13,1
DA:15,1
DA:16,1
DA:17,4
DA:18,2
DA:19,3
LF:7
LH:7
end_of_record
SF:lib/core/token/token.dart
DA:12,2
LF:1
LH:1
end_of_record
SF:lib/core/token/token.g.dart
DA:9,2
DA:10,1
DA:13,0
DA:14,0
LF:4
LH:2
end_of_record
SF:lib/features/login/data/data_sources/login_remote_data_source.dart
DA:20,1
DA:24,1
DA:29,3
DA:31,1
DA:32,1
DA:33,1
DA:36,1
DA:37,1
DA:39,2
DA:40,4
DA:41,2
DA:42,1
DA:43,1
DA:45,1
DA:46,3
LF:15
LH:15
end_of_record
SF:lib/features/products/presentation/widgets/product_tile.dart
DA:12,1
DA:21,1
DA:23,1
DA:26,1
DA:28,1
DA:29,1
DA:30,1
DA:31,2
DA:35,1
DA:36,1
DA:37,2
DA:43,1
DA:44,1
DA:45,4
DA:50,1
DA:51,1
DA:52,0
DA:53,2
DA:54,1
DA:56,3
DA:59,1
DA:60,0
DA:61,2
DA:62,1
DA:64,3
LF:25
LH:23
end_of_record
SF:lib/core/widgets/widget_helpers.dart
DA:3,1
DA:4,1
DA:7,0
DA:8,0
DA:11,0
LF:5
LH:2
end_of_record
SF:lib/features/categories/presentation/widgets/category_row.dart
DA:9,1
DA:16,1
DA:18,1
DA:19,1
DA:20,3
DA:21,1
LF:6
LH:6
end_of_record
